<?xml version="1.0" encoding="UTF-8"?>
<testsuite xmlns:xsi="http://www.w3.org/2001/XMLSchema-instance" xsi:noNamespaceSchemaLocation="https://maven.apache.org/surefire/maven-surefire-plugin/xsd/surefire-test-report-3.0.xsd" version="3.0" name="praktikum.IngredientParametrizedTest" time="0.001" tests="8" errors="0" skipped="0" failures="0">
  <properties>
[...]
</properties>
  <testcase name="testIngredientConstructor[0]" classname="praktikum.IngredientParametrizedTest" time="0.001"/>
  <testcase name="testIngredientConstructor[1]" classname="praktikum.IngredientParametrizedTest" time="0.0"/>
  <testcase name="testIngredientConstructor[2]" classname="praktikum.IngredientParametrizedTest" time="0.0"/>
  <testcase name="testIngredientConstructor[3]" classname="praktikum.IngredientParametrizedTest" time="0.0"/>
  <testcase name="testIngredientConstructor[4]" classname="praktikum.IngredientParametrizedTest" time="0.0"/>
  <testcase name="testIngredientConstructor[5]" classname="praktikum.IngredientParametrizedTest" time="0.0"/>
  <testcase name="testIngredientConstructor[6]" classname="praktikum.IngredientParametrizedTest" time="0.0"/>
  <testcase name="testIngredientConstructor[7]" classname="praktikum.IngredientParametrizedTest" time="0.0"/>
</testsuite>